ERC report (2026-03-20T11:40:46-0400, Encoding UTF8)

***** Sheet /
[power_pin_not_driven]: Input Power pin not driven by any Output Power pins
    ; error
    @(410.16 mm, 102.22 mm): Symbol J1 Pin A4 [VBUS, Power input, Line]
[pin_to_pin]: Pins of type Output and Output are connected
    ; error
    @(447.30 mm, 44.92 mm): Symbol U2 Pin 7 [VDD, Output, Line]
    @(447.30 mm, 47.46 mm): Symbol U2 Pin 8 [REGIN, Output, Line]
[power_pin_not_driven]: Input Power pin not driven by any Output Power pins
    ; error
    @(400.00 mm, 460.00 mm): Symbol #FLG01 Pin 1 [pwr, Power input, Line]
[multiple_net_names]: Both +3.3V and +5V are attached to the same items; +3.3V will be used in the netlist
    ; warning
    @(444.76 mm, 44.92 mm): Global Label '+3.3V'
    @(384.76 mm, 47.46 mm): Global Label '+5V'
[endpoint_off_grid]: Symbol pin or wire end off connection grid
    ; warning
    @(387.30 mm, 29.68 mm): Symbol U1 Pin 1 [VD18OUT, Input, Line]
[endpoint_off_grid]: Symbol pin or wire end off connection grid
    ; warning
    @(387.30 mm, 29.68 mm): Horizontal Wire, length 2.54 mm
[endpoint_off_grid]: Symbol pin or wire end off connection grid
    ; warning
    @(387.30 mm, 32.22 mm): Horizontal Wire, length 2.54 mm
[endpoint_off_grid]: Symbol pin or wire end off connection grid
    ; warning
    @(387.30 mm, 34.76 mm): Horizontal Wire, length 2.54 mm
[endpoint_off_grid]: Symbol pin or wire end off connection grid
    ; warning
    @(387.30 mm, 37.30 mm): Horizontal Wire, length 2.54 mm
[endpoint_off_grid]: Symbol pin or wire end off connection grid
    ; warning
    @(387.30 mm, 39.84 mm): Horizontal Wire, length 2.54 mm
[endpoint_off_grid]: Symbol pin or wire end off connection grid
    ; warning
    @(387.30 mm, 42.38 mm): Horizontal Wire, length 2.54 mm
[endpoint_off_grid]: Symbol pin or wire end off connection grid
    ; warning
    @(387.30 mm, 44.92 mm): Horizontal Wire, length 2.54 mm
[endpoint_off_grid]: Symbol pin or wire end off connection grid
    ; warning
    @(387.30 mm, 47.46 mm): Horizontal Wire, length 2.54 mm
[endpoint_off_grid]: Symbol pin or wire end off connection grid
    ; warning
    @(387.30 mm, 50.00 mm): Horizontal Wire, length 2.54 mm
[endpoint_off_grid]: Symbol pin or wire end off connection grid
    ; warning
    @(387.30 mm, 52.54 mm): Horizontal Wire, length 2.54 mm
[endpoint_off_grid]: Symbol pin or wire end off connection grid
    ; warning
    @(387.30 mm, 55.08 mm): Horizontal Wire, length 2.54 mm
[endpoint_off_grid]: Symbol pin or wire end off connection grid
    ; warning
    @(387.30 mm, 60.16 mm): Horizontal Wire, length 2.54 mm
[endpoint_off_grid]: Symbol pin or wire end off connection grid
    ; warning
    @(387.30 mm, 62.70 mm): Horizontal Wire, length 2.54 mm
[endpoint_off_grid]: Symbol pin or wire end off connection grid
    ; warning
    @(387.30 mm, 65.24 mm): Horizontal Wire, length 2.54 mm
[endpoint_off_grid]: Symbol pin or wire end off connection grid
    ; warning
    @(387.30 mm, 70.32 mm): Horizontal Wire, length 2.54 mm
[lib_symbol_issues]: The current configuration does not include the symbol library 'DB20G'
    ; warning
    @(400.00 mm, 50.00 mm): Symbol U1 [FE1.1s]
[endpoint_off_grid]: Symbol pin or wire end off connection grid
    ; warning
    @(412.70 mm, 32.22 mm): Horizontal Wire, length 2.54 mm
[endpoint_off_grid]: Symbol pin or wire end off connection grid
    ; warning
    @(412.70 mm, 34.76 mm): Horizontal Wire, length 2.54 mm
[endpoint_off_grid]: Symbol pin or wire end off connection grid
    ; warning
    @(412.70 mm, 37.30 mm): Horizontal Wire, length 2.54 mm
[endpoint_off_grid]: Symbol pin or wire end off connection grid
    ; warning
    @(412.70 mm, 39.84 mm): Horizontal Wire, length 2.54 mm
[endpoint_off_grid]: Symbol pin or wire end off connection grid
    ; warning
    @(412.70 mm, 42.38 mm): Horizontal Wire, length 2.54 mm
[endpoint_off_grid]: Symbol pin or wire end off connection grid
    ; warning
    @(412.70 mm, 44.92 mm): Horizontal Wire, length 2.54 mm
[endpoint_off_grid]: Symbol pin or wire end off connection grid
    ; warning
    @(412.70 mm, 47.46 mm): Horizontal Wire, length 2.54 mm
[endpoint_off_grid]: Symbol pin or wire end off connection grid
    ; warning
    @(412.70 mm, 50.00 mm): Horizontal Wire, length 2.54 mm
[endpoint_off_grid]: Symbol pin or wire end off connection grid
    ; warning
    @(412.70 mm, 55.08 mm): Horizontal Wire, length 2.54 mm
[lib_symbol_issues]: The current configuration does not include the symbol library 'DB20G'
    ; warning
    @(400.00 mm, 120.00 mm): Symbol J1 [USB_C_Receptacle]
[endpoint_off_grid]: Symbol pin or wire end off connection grid
    ; warning
    @(410.16 mm, 102.22 mm): Symbol J1 Pin A4 [VBUS, Power input, Line]
[endpoint_off_grid]: Symbol pin or wire end off connection grid
    ; warning
    @(410.16 mm, 102.22 mm): Horizontal Wire, length 2.54 mm
[endpoint_off_grid]: Symbol pin or wire end off connection grid
    ; warning
    @(410.16 mm, 104.76 mm): Horizontal Wire, length 2.54 mm
[endpoint_off_grid]: Symbol pin or wire end off connection grid
    ; warning
    @(410.16 mm, 109.84 mm): Horizontal Wire, length 2.54 mm
[endpoint_off_grid]: Symbol pin or wire end off connection grid
    ; warning
    @(410.16 mm, 112.38 mm): Horizontal Wire, length 2.54 mm
[endpoint_off_grid]: Symbol pin or wire end off connection grid
    ; warning
    @(410.16 mm, 117.46 mm): Horizontal Wire, length 2.54 mm
[endpoint_off_grid]: Symbol pin or wire end off connection grid
    ; warning
    @(410.16 mm, 120.00 mm): Horizontal Wire, length 2.54 mm
[endpoint_off_grid]: Symbol pin or wire end off connection grid
    ; warning
    @(410.16 mm, 122.54 mm): Horizontal Wire, length 2.54 mm
[endpoint_off_grid]: Symbol pin or wire end off connection grid
    ; warning
    @(410.16 mm, 125.08 mm): Horizontal Wire, length 2.54 mm
[endpoint_off_grid]: Symbol pin or wire end off connection grid
    ; warning
    @(410.16 mm, 132.70 mm): Horizontal Wire, length 2.54 mm
[endpoint_off_grid]: Symbol pin or wire end off connection grid
    ; warning
    @(410.16 mm, 135.24 mm): Horizontal Wire, length 2.54 mm
[endpoint_off_grid]: Symbol pin or wire end off connection grid
    ; warning
    @(410.16 mm, 135.24 mm): Horizontal Wire, length 2.54 mm
[endpoint_off_grid]: Symbol pin or wire end off connection grid
    ; warning
    @(410.16 mm, 137.78 mm): Horizontal Wire, length 2.54 mm
[endpoint_off_grid]: Symbol pin or wire end off connection grid
    ; warning
    @(410.16 mm, 140.32 mm): Horizontal Wire, length 2.54 mm
[endpoint_off_grid]: Symbol pin or wire end off connection grid
    ; warning
    @(400.00 mm, 190.00 mm): Symbol Q1 Pin 1 [B, Passive, Line]
[endpoint_off_grid]: Symbol pin or wire end off connection grid
    ; warning
    @(400.00 mm, 190.00 mm): Horizontal Wire, length 2.54 mm
[lib_symbol_issues]: The current configuration does not include the symbol library 'DB20G'
    ; warning
    @(400.00 mm, 190.00 mm): Symbol Q1 [2N2222A]
[endpoint_off_grid]: Symbol pin or wire end off connection grid
    ; warning
    @(402.54 mm, 187.46 mm): Horizontal Wire, length 2.54 mm
[endpoint_off_grid]: Symbol pin or wire end off connection grid
    ; warning
    @(402.54 mm, 192.54 mm): Horizontal Wire, length 2.54 mm
[endpoint_off_grid]: Symbol pin or wire end off connection grid
    ; warning
    @(447.30 mm, 29.68 mm): Horizontal Wire, length 2.54 mm
[endpoint_off_grid]: Symbol pin or wire end off connection grid
    ; warning
    @(447.30 mm, 29.68 mm): Symbol U2 Pin 1 [GND, Power input, Line]
[endpoint_off_grid]: Symbol pin or wire end off connection grid
    ; warning
    @(447.30 mm, 37.30 mm): Horizontal Wire, length 2.54 mm
[endpoint_off_grid]: Symbol pin or wire end off connection grid
    ; warning
    @(447.30 mm, 39.84 mm): Horizontal Wire, length 2.54 mm
[endpoint_off_grid]: Symbol pin or wire end off connection grid
    ; warning
    @(447.30 mm, 42.38 mm): Horizontal Wire, length 2.54 mm
[endpoint_off_grid]: Symbol pin or wire end off connection grid
    ; warning
    @(447.30 mm, 44.92 mm): Horizontal Wire, length 2.54 mm
[endpoint_off_grid]: Symbol pin or wire end off connection grid
    ; warning
    @(447.30 mm, 47.46 mm): Horizontal Wire, length 2.54 mm
[endpoint_off_grid]: Symbol pin or wire end off connection grid
    ; warning
    @(447.30 mm, 50.00 mm): Horizontal Wire, length 2.54 mm
[endpoint_off_grid]: Symbol pin or wire end off connection grid
    ; warning
    @(447.30 mm, 60.16 mm): Horizontal Wire, length 2.54 mm
[lib_symbol_issues]: The current configuration does not include the symbol library 'DB20G'
    ; warning
    @(460.00 mm, 50.00 mm): Symbol U2 [CP2102N]
[endpoint_off_grid]: Symbol pin or wire end off connection grid
    ; warning
    @(396.19 mm, 240.00 mm): Horizontal Wire, length 2.54 mm
[endpoint_off_grid]: Symbol pin or wire end off connection grid
    ; warning
    @(396.19 mm, 240.00 mm): Symbol Y1 Pin 1 [1, Passive, Line]
[lib_symbol_issues]: The current configuration does not include the symbol library 'DB20G'
    ; warning
    @(400.00 mm, 240.00 mm): Symbol Y1 [Crystal]
[endpoint_off_grid]: Symbol pin or wire end off connection grid
    ; warning
    @(403.81 mm, 240.00 mm): Horizontal Wire, length 2.54 mm
[endpoint_off_grid]: Symbol pin or wire end off connection grid
    ; warning
    @(472.70 mm, 32.22 mm): Horizontal Wire, length 2.54 mm
[endpoint_off_grid]: Symbol pin or wire end off connection grid
    ; warning
    @(472.70 mm, 34.76 mm): Horizontal Wire, length 2.54 mm
[endpoint_off_grid]: Symbol pin or wire end off connection grid
    ; warning
    @(472.70 mm, 37.30 mm): Horizontal Wire, length 2.54 mm
[endpoint_off_grid]: Symbol pin or wire end off connection grid
    ; warning
    @(472.70 mm, 39.84 mm): Horizontal Wire, length 2.54 mm
[endpoint_off_grid]: Symbol pin or wire end off connection grid
    ; warning
    @(472.70 mm, 42.38 mm): Horizontal Wire, length 2.54 mm
[endpoint_off_grid]: Symbol pin or wire end off connection grid
    ; warning
    @(472.70 mm, 44.92 mm): Horizontal Wire, length 2.54 mm
[endpoint_off_grid]: Symbol pin or wire end off connection grid
    ; warning
    @(472.70 mm, 47.46 mm): Horizontal Wire, length 2.54 mm
[endpoint_off_grid]: Symbol pin or wire end off connection grid
    ; warning
    @(472.70 mm, 50.00 mm): Horizontal Wire, length 2.54 mm
[lib_symbol_issues]: The current configuration does not include the symbol library 'DB20G'
    ; warning
    @(460.00 mm, 120.00 mm): Symbol J2 [RJ45]
[endpoint_off_grid]: Symbol pin or wire end off connection grid
    ; warning
    @(472.70 mm, 52.54 mm): Horizontal Wire, length 2.54 mm
[endpoint_off_grid]: Symbol pin or wire end off connection grid
    ; warning
    @(440.00 mm, 190.00 mm): Symbol Q2 Pin 1 [B, Passive, Line]
[endpoint_off_grid]: Symbol pin or wire end off connection grid
    ; warning
    @(440.00 mm, 190.00 mm): Horizontal Wire, length 2.54 mm
[lib_symbol_issues]: The current configuration does not include the symbol library 'DB20G'
    ; warning
    @(440.00 mm, 190.00 mm): Symbol Q2 [2N2222A]
[endpoint_off_grid]: Symbol pin or wire end off connection grid
    ; warning
    @(467.62 mm, 109.84 mm): Horizontal Wire, length 2.54 mm
[endpoint_off_grid]: Symbol pin or wire end off connection grid
    ; warning
    @(467.62 mm, 109.84 mm): Symbol J2 Pin 1 [1, Passive, Line]
[endpoint_off_grid]: Symbol pin or wire end off connection grid
    ; warning
    @(442.54 mm, 187.46 mm): Horizontal Wire, length 2.54 mm
[endpoint_off_grid]: Symbol pin or wire end off connection grid
    ; warning
    @(467.62 mm, 112.38 mm): Horizontal Wire, length 2.54 mm
[endpoint_off_grid]: Symbol pin or wire end off connection grid
    ; warning
    @(467.62 mm, 114.92 mm): Horizontal Wire, length 2.54 mm
[endpoint_off_grid]: Symbol pin or wire end off connection grid
    ; warning
    @(467.62 mm, 117.46 mm): Horizontal Wire, length 2.54 mm
[endpoint_off_grid]: Symbol pin or wire end off connection grid
    ; warning
    @(442.54 mm, 192.54 mm): Horizontal Wire, length 2.54 mm
[endpoint_off_grid]: Symbol pin or wire end off connection grid
    ; warning
    @(467.62 mm, 120.00 mm): Horizontal Wire, length 2.54 mm
[endpoint_off_grid]: Symbol pin or wire end off connection grid
    ; warning
    @(467.62 mm, 122.54 mm): Horizontal Wire, length 2.54 mm
[endpoint_off_grid]: Symbol pin or wire end off connection grid
    ; warning
    @(467.62 mm, 125.08 mm): Horizontal Wire, length 2.54 mm
[endpoint_off_grid]: Symbol pin or wire end off connection grid
    ; warning
    @(467.62 mm, 127.62 mm): Horizontal Wire, length 2.54 mm
[endpoint_off_grid]: Symbol pin or wire end off connection grid
    ; warning
    @(467.62 mm, 132.70 mm): Horizontal Wire, length 2.54 mm
[endpoint_off_grid]: Symbol pin or wire end off connection grid
    ; warning
    @(400.00 mm, 286.19 mm): Vertical Wire, length 2.54 mm
[endpoint_off_grid]: Symbol pin or wire end off connection grid
    ; warning
    @(400.00 mm, 286.19 mm): Symbol R1 Pin 1 [1, Passive, Line]
[lib_symbol_issues]: The current configuration does not include the symbol library 'DB20G'
    ; warning
    @(400.00 mm, 290.00 mm): Symbol R1 [R]
[endpoint_off_grid]: Symbol pin or wire end off connection grid
    ; warning
    @(400.00 mm, 293.81 mm): Vertical Wire, length 2.54 mm
[endpoint_off_grid]: Symbol pin or wire end off connection grid
    ; warning
    @(436.19 mm, 240.00 mm): Horizontal Wire, length 2.54 mm
[endpoint_off_grid]: Symbol pin or wire end off connection grid
    ; warning
    @(436.19 mm, 240.00 mm): Symbol LED1 Pin 1 [K, Passive, Line]
[lib_symbol_issues]: The current configuration does not include the symbol library 'DB20G'
    ; warning
    @(440.00 mm, 240.00 mm): Symbol LED1 [LED]
[endpoint_off_grid]: Symbol pin or wire end off connection grid
    ; warning
    @(443.81 mm, 240.00 mm): Horizontal Wire, length 2.54 mm
[endpoint_off_grid]: Symbol pin or wire end off connection grid
    ; warning
    @(469.84 mm, 184.92 mm): Horizontal Wire, length 2.54 mm
[endpoint_off_grid]: Symbol pin or wire end off connection grid
    ; warning
    @(469.84 mm, 184.92 mm): Symbol K1 Pin 1 [Coil+, Passive, Line]
[endpoint_off_grid]: Symbol pin or wire end off connection grid
    ; warning
    @(507.30 mm, 29.68 mm): Horizontal Wire, length 2.54 mm
[endpoint_off_grid]: Symbol pin or wire end off connection grid
    ; warning
    @(507.30 mm, 29.68 mm): Symbol U3 Pin 1 [D+, Bidirectional, Line]
[endpoint_off_grid]: Symbol pin or wire end off connection grid
    ; warning
    @(507.30 mm, 32.22 mm): Horizontal Wire, length 2.54 mm
[endpoint_off_grid]: Symbol pin or wire end off connection grid
    ; warning
    @(507.30 mm, 34.76 mm): Horizontal Wire, length 2.54 mm
[endpoint_off_grid]: Symbol pin or wire end off connection grid
    ; warning
    @(507.30 mm, 37.30 mm): Horizontal Wire, length 2.54 mm
[endpoint_off_grid]: Symbol pin or wire end off connection grid
    ; warning
    @(469.84 mm, 195.08 mm): Horizontal Wire, length 2.54 mm
[endpoint_off_grid]: Symbol pin or wire end off connection grid
    ; warning
    @(507.30 mm, 39.84 mm): Horizontal Wire, length 2.54 mm
[endpoint_off_grid]: Symbol pin or wire end off connection grid
    ; warning
    @(507.30 mm, 42.38 mm): Horizontal Wire, length 2.54 mm
[endpoint_off_grid]: Symbol pin or wire end off connection grid
    ; warning
    @(507.30 mm, 47.46 mm): Horizontal Wire, length 2.54 mm
[endpoint_off_grid]: Symbol pin or wire end off connection grid
    ; warning
    @(507.30 mm, 50.00 mm): Horizontal Wire, length 2.54 mm
[endpoint_off_grid]: Symbol pin or wire end off connection grid
    ; warning
    @(400.00 mm, 316.19 mm): Vertical Wire, length 2.54 mm
[endpoint_off_grid]: Symbol pin or wire end off connection grid
    ; warning
    @(400.00 mm, 316.19 mm): Symbol R9 Pin 1 [1, Passive, Line]
[endpoint_off_grid]: Symbol pin or wire end off connection grid
    ; warning
    @(507.30 mm, 52.54 mm): Horizontal Wire, length 2.54 mm
[endpoint_off_grid]: Symbol pin or wire end off connection grid
    ; warning
    @(507.30 mm, 55.08 mm): Horizontal Wire, length 2.54 mm
[endpoint_off_grid]: Symbol pin or wire end off connection grid
    ; warning
    @(507.30 mm, 57.62 mm): Horizontal Wire, length 2.54 mm
[endpoint_off_grid]: Symbol pin or wire end off connection grid
    ; warning
    @(507.30 mm, 60.16 mm): Horizontal Wire, length 2.54 mm
[endpoint_off_grid]: Symbol pin or wire end off connection grid
    ; warning
    @(507.30 mm, 62.70 mm): Horizontal Wire, length 2.54 mm
[lib_symbol_issues]: The current configuration does not include the symbol library 'DB20G'
    ; warning
    @(400.00 mm, 320.00 mm): Symbol R9 [R]
[endpoint_off_grid]: Symbol pin or wire end off connection grid
    ; warning
    @(425.00 mm, 286.19 mm): Vertical Wire, length 2.54 mm
[endpoint_off_grid]: Symbol pin or wire end off connection grid
    ; warning
    @(425.00 mm, 286.19 mm): Symbol R2 Pin 1 [1, Passive, Line]
[lib_symbol_issues]: The current configuration does not include the symbol library 'DB20G'
    ; warning
    @(425.00 mm, 290.00 mm): Symbol R2 [R]
[endpoint_off_grid]: Symbol pin or wire end off connection grid
    ; warning
    @(400.00 mm, 323.81 mm): Vertical Wire, length 2.54 mm
[lib_symbol_issues]: The current configuration does not include the symbol library 'DB20G'
    ; warning
    @(480.00 mm, 190.00 mm): Symbol K1 [Relay_DPDT]
[endpoint_off_grid]: Symbol pin or wire end off connection grid
    ; warning
    @(425.00 mm, 293.81 mm): Vertical Wire, length 2.54 mm
[lib_symbol_issues]: The current configuration does not include the symbol library 'DB20G'
    ; warning
    @(520.00 mm, 50.00 mm): Symbol U3 [CM108AH]
[endpoint_off_grid]: Symbol pin or wire end off connection grid
    ; warning
    @(490.16 mm, 182.38 mm): Horizontal Wire, length 2.54 mm
[endpoint_off_grid]: Symbol pin or wire end off connection grid
    ; warning
    @(490.16 mm, 184.92 mm): Horizontal Wire, length 2.54 mm
[endpoint_off_grid]: Symbol pin or wire end off connection grid
    ; warning
    @(466.19 mm, 240.00 mm): Symbol LED2 Pin 1 [K, Passive, Line]
[endpoint_off_grid]: Symbol pin or wire end off connection grid
    ; warning
    @(466.19 mm, 240.00 mm): Horizontal Wire, length 2.54 mm
[endpoint_off_grid]: Symbol pin or wire end off connection grid
    ; warning
    @(490.16 mm, 187.46 mm): Horizontal Wire, length 2.54 mm
[endpoint_off_grid]: Symbol pin or wire end off connection grid
    ; warning
    @(490.16 mm, 192.54 mm): Horizontal Wire, length 2.54 mm
[endpoint_off_grid]: Symbol pin or wire end off connection grid
    ; warning
    @(490.16 mm, 195.08 mm): Horizontal Wire, length 2.54 mm
[lib_symbol_issues]: The current configuration does not include the symbol library 'DB20G'
    ; warning
    @(470.00 mm, 240.00 mm): Symbol LED2 [LED]
[endpoint_off_grid]: Symbol pin or wire end off connection grid
    ; warning
    @(490.16 mm, 197.62 mm): Horizontal Wire, length 2.54 mm
[endpoint_off_grid]: Symbol pin or wire end off connection grid
    ; warning
    @(400.00 mm, 346.19 mm): Vertical Wire, length 2.54 mm
[endpoint_off_grid]: Symbol pin or wire end off connection grid
    ; warning
    @(400.00 mm, 346.19 mm): Symbol C1 Pin 1 [1, Passive, Line]
[endpoint_off_grid]: Symbol pin or wire end off connection grid
    ; warning
    @(425.00 mm, 316.19 mm): Vertical Wire, length 2.54 mm
[endpoint_off_grid]: Symbol pin or wire end off connection grid
    ; warning
    @(425.00 mm, 316.19 mm): Symbol R10 Pin 1 [1, Passive, Line]
[endpoint_off_grid]: Symbol pin or wire end off connection grid
    ; warning
    @(473.81 mm, 240.00 mm): Horizontal Wire, length 2.54 mm
[lib_symbol_issues]: The current configuration does not include the symbol library 'DB20G'
    ; warning
    @(400.00 mm, 350.00 mm): Symbol C1 [C]
[lib_symbol_issues]: The current configuration does not include the symbol library 'DB20G'
    ; warning
    @(425.00 mm, 320.00 mm): Symbol R10 [R]
[endpoint_off_grid]: Symbol pin or wire end off connection grid
    ; warning
    @(450.00 mm, 286.19 mm): Symbol R3 Pin 1 [1, Passive, Line]
[endpoint_off_grid]: Symbol pin or wire end off connection grid
    ; warning
    @(450.00 mm, 286.19 mm): Vertical Wire, length 2.54 mm
[endpoint_off_grid]: Symbol pin or wire end off connection grid
    ; warning
    @(532.70 mm, 29.68 mm): Horizontal Wire, length 2.54 mm
[lib_symbol_issues]: The current configuration does not include the symbol library 'DB20G'
    ; warning
    @(520.00 mm, 120.00 mm): Symbol J3 [RJ45]
[endpoint_off_grid]: Symbol pin or wire end off connection grid
    ; warning
    @(400.00 mm, 353.81 mm): Vertical Wire, length 2.54 mm
[endpoint_off_grid]: Symbol pin or wire end off connection grid
    ; warning
    @(532.70 mm, 39.84 mm): Horizontal Wire, length 2.54 mm
[endpoint_off_grid]: Symbol pin or wire end off connection grid
    ; warning
    @(425.00 mm, 323.81 mm): Vertical Wire, length 2.54 mm
[endpoint_off_grid]: Symbol pin or wire end off connection grid
    ; warning
    @(532.70 mm, 42.38 mm): Horizontal Wire, length 2.54 mm
[endpoint_off_grid]: Symbol pin or wire end off connection grid
    ; warning
    @(532.70 mm, 44.92 mm): Horizontal Wire, length 2.54 mm
[endpoint_off_grid]: Symbol pin or wire end off connection grid
    ; warning
    @(532.70 mm, 47.46 mm): Horizontal Wire, length 2.54 mm
[endpoint_off_grid]: Symbol pin or wire end off connection grid
    ; warning
    @(532.70 mm, 50.00 mm): Horizontal Wire, length 2.54 mm
[endpoint_off_grid]: Symbol pin or wire end off connection grid
    ; warning
    @(532.70 mm, 52.54 mm): Horizontal Wire, length 2.54 mm
[lib_symbol_issues]: The current configuration does not include the symbol library 'DB20G'
    ; warning
    @(450.00 mm, 290.00 mm): Symbol R3 [R]
[endpoint_off_grid]: Symbol pin or wire end off connection grid
    ; warning
    @(532.70 mm, 57.62 mm): Horizontal Wire, length 2.54 mm
[endpoint_off_grid]: Symbol pin or wire end off connection grid
    ; warning
    @(532.70 mm, 60.16 mm): Horizontal Wire, length 2.54 mm
[endpoint_off_grid]: Symbol pin or wire end off connection grid
    ; warning
    @(532.70 mm, 62.70 mm): Horizontal Wire, length 2.54 mm
[endpoint_off_grid]: Symbol pin or wire end off connection grid
    ; warning
    @(450.00 mm, 293.81 mm): Vertical Wire, length 2.54 mm
[endpoint_off_grid]: Symbol pin or wire end off connection grid
    ; warning
    @(527.62 mm, 109.84 mm): Symbol J3 Pin 1 [1, Passive, Line]
[endpoint_off_grid]: Symbol pin or wire end off connection grid
    ; warning
    @(527.62 mm, 109.84 mm): Horizontal Wire, length 2.54 mm
[endpoint_off_grid]: Symbol pin or wire end off connection grid
    ; warning
    @(527.62 mm, 112.38 mm): Horizontal Wire, length 2.54 mm
[endpoint_off_grid]: Symbol pin or wire end off connection grid
    ; warning
    @(527.62 mm, 114.92 mm): Horizontal Wire, length 2.54 mm
[endpoint_off_grid]: Symbol pin or wire end off connection grid
    ; warning
    @(527.62 mm, 117.46 mm): Horizontal Wire, length 2.54 mm
[endpoint_off_grid]: Symbol pin or wire end off connection grid
    ; warning
    @(527.62 mm, 120.00 mm): Horizontal Wire, length 2.54 mm
[endpoint_off_grid]: Symbol pin or wire end off connection grid
    ; warning
    @(527.62 mm, 122.54 mm): Horizontal Wire, length 2.54 mm
[endpoint_off_grid]: Symbol pin or wire end off connection grid
    ; warning
    @(527.62 mm, 125.08 mm): Horizontal Wire, length 2.54 mm
[endpoint_off_grid]: Symbol pin or wire end off connection grid
    ; warning
    @(527.62 mm, 127.62 mm): Horizontal Wire, length 2.54 mm
[endpoint_off_grid]: Symbol pin or wire end off connection grid
    ; warning
    @(527.62 mm, 132.70 mm): Horizontal Wire, length 2.54 mm
[endpoint_off_grid]: Symbol pin or wire end off connection grid
    ; warning
    @(425.00 mm, 346.19 mm): Vertical Wire, length 2.54 mm
[endpoint_off_grid]: Symbol pin or wire end off connection grid
    ; warning
    @(425.00 mm, 346.19 mm): Symbol C2 Pin 1 [1, Passive, Line]
[endpoint_off_grid]: Symbol pin or wire end off connection grid
    ; warning
    @(400.00 mm, 376.19 mm): Symbol C9 Pin 1 [1, Passive, Line]
[endpoint_off_grid]: Symbol pin or wire end off connection grid
    ; warning
    @(400.00 mm, 376.19 mm): Vertical Wire, length 2.54 mm
[endpoint_off_grid]: Symbol pin or wire end off connection grid
    ; warning
    @(450.00 mm, 316.19 mm): Symbol R11 Pin 1 [1, Passive, Line]
[endpoint_off_grid]: Symbol pin or wire end off connection grid
    ; warning
    @(450.00 mm, 316.19 mm): Vertical Wire, length 2.54 mm
[endpoint_off_grid]: Symbol pin or wire end off connection grid
    ; warning
    @(516.19 mm, 190.00 mm): Symbol D1 Pin 1 [K, Passive, Line]
[endpoint_off_grid]: Symbol pin or wire end off connection grid
    ; warning
    @(516.19 mm, 190.00 mm): Horizontal Wire, length 2.54 mm
[lib_symbol_issues]: The current configuration does not include the symbol library 'DB20G'
    ; warning
    @(425.00 mm, 350.00 mm): Symbol C2 [C]
[endpoint_off_grid]: Symbol pin or wire end off connection grid
    ; warning
    @(496.19 mm, 240.00 mm): Symbol LED3 Pin 1 [K, Passive, Line]
[endpoint_off_grid]: Symbol pin or wire end off connection grid
    ; warning
    @(496.19 mm, 240.00 mm): Horizontal Wire, length 2.54 mm
[lib_symbol_issues]: The current configuration does not include the symbol library 'DB20G'
    ; warning
    @(400.00 mm, 380.00 mm): Symbol C9 [C]
[lib_symbol_issues]: The current configuration does not include the symbol library 'DB20G'
    ; warning
    @(450.00 mm, 320.00 mm): Symbol R11 [R]
[endpoint_off_grid]: Symbol pin or wire end off connection grid
    ; warning
    @(425.00 mm, 353.81 mm): Vertical Wire, length 2.54 mm
[lib_symbol_issues]: The current configuration does not include the symbol library 'DB20G'
    ; warning
    @(520.00 mm, 190.00 mm): Symbol D1 [D]
[endpoint_off_grid]: Symbol pin or wire end off connection grid
    ; warning
    @(400.00 mm, 383.81 mm): Vertical Wire, length 2.54 mm
[endpoint_off_grid]: Symbol pin or wire end off connection grid
    ; warning
    @(450.00 mm, 323.81 mm): Vertical Wire, length 2.54 mm
[endpoint_off_grid]: Symbol pin or wire end off connection grid
    ; warning
    @(475.00 mm, 286.19 mm): Vertical Wire, length 2.54 mm
[endpoint_off_grid]: Symbol pin or wire end off connection grid
    ; warning
    @(475.00 mm, 286.19 mm): Symbol R4 Pin 1 [1, Passive, Line]
[lib_symbol_issues]: The current configuration does not include the symbol library 'DB20G'
    ; warning
    @(500.00 mm, 240.00 mm): Symbol LED3 [LED]
[lib_symbol_issues]: The current configuration does not include the symbol library 'DB20G'
    ; warning
    @(475.00 mm, 290.00 mm): Symbol R4 [R]
[endpoint_off_grid]: Symbol pin or wire end off connection grid
    ; warning
    @(523.81 mm, 190.00 mm): Horizontal Wire, length 2.54 mm
[endpoint_off_grid]: Symbol pin or wire end off connection grid
    ; warning
    @(503.81 mm, 240.00 mm): Horizontal Wire, length 2.54 mm
[endpoint_off_grid]: Symbol pin or wire end off connection grid
    ; warning
    @(475.00 mm, 293.81 mm): Vertical Wire, length 2.54 mm
[endpoint_off_grid]: Symbol pin or wire end off connection grid
    ; warning
    @(425.00 mm, 376.19 mm): Vertical Wire, length 2.54 mm
[endpoint_off_grid]: Symbol pin or wire end off connection grid
    ; warning
    @(425.00 mm, 376.19 mm): Symbol C10 Pin 1 [1, Passive, Line]
[endpoint_off_grid]: Symbol pin or wire end off connection grid
    ; warning
    @(450.00 mm, 346.19 mm): Symbol C3 Pin 1 [1, Passive, Line]
[endpoint_off_grid]: Symbol pin or wire end off connection grid
    ; warning
    @(450.00 mm, 346.19 mm): Vertical Wire, length 2.54 mm
[lib_symbol_issues]: The current configuration does not include the symbol library 'DB20G'
    ; warning
    @(450.00 mm, 350.00 mm): Symbol C3 [C]
[lib_symbol_issues]: The current configuration does not include the symbol library 'DB20G'
    ; warning
    @(425.00 mm, 380.00 mm): Symbol C10 [C]
[endpoint_off_grid]: Symbol pin or wire end off connection grid
    ; warning
    @(475.00 mm, 316.19 mm): Symbol R12 Pin 1 [1, Passive, Line]
[endpoint_off_grid]: Symbol pin or wire end off connection grid
    ; warning
    @(475.00 mm, 316.19 mm): Vertical Wire, length 2.54 mm
[endpoint_off_grid]: Symbol pin or wire end off connection grid
    ; warning
    @(450.00 mm, 353.81 mm): Vertical Wire, length 2.54 mm
[endpoint_off_grid]: Symbol pin or wire end off connection grid
    ; warning
    @(425.00 mm, 383.81 mm): Vertical Wire, length 2.54 mm
[lib_symbol_issues]: The current configuration does not include the symbol library 'DB20G'
    ; warning
    @(475.00 mm, 320.00 mm): Symbol R12 [R]
[endpoint_off_grid]: Symbol pin or wire end off connection grid
    ; warning
    @(572.38 mm, 50.00 mm): Horizontal Wire, length 2.54 mm
[endpoint_off_grid]: Symbol pin or wire end off connection grid
    ; warning
    @(572.38 mm, 50.00 mm): Symbol U4 Pin 1 [GND/Adj, Input, Line]
[endpoint_off_grid]: Symbol pin or wire end off connection grid
    ; warning
    @(572.38 mm, 52.54 mm): Horizontal Wire, length 2.54 mm
[endpoint_off_grid]: Symbol pin or wire end off connection grid
    ; warning
    @(475.00 mm, 323.81 mm): Vertical Wire, length 2.54 mm
[endpoint_off_grid]: Symbol pin or wire end off connection grid
    ; warning
    @(500.00 mm, 286.19 mm): Vertical Wire, length 2.54 mm
[endpoint_off_grid]: Symbol pin or wire end off connection grid
    ; warning
    @(500.00 mm, 286.19 mm): Symbol R5 Pin 1 [1, Passive, Line]
[lib_symbol_issues]: The current configuration does not include the symbol library 'DB20G'
    ; warning
    @(500.00 mm, 290.00 mm): Symbol R5 [R]
[endpoint_off_grid]: Symbol pin or wire end off connection grid
    ; warning
    @(546.19 mm, 190.00 mm): Horizontal Wire, length 2.54 mm
[endpoint_off_grid]: Symbol pin or wire end off connection grid
    ; warning
    @(546.19 mm, 190.00 mm): Symbol D2 Pin 1 [K, Passive, Line]
[endpoint_off_grid]: Symbol pin or wire end off connection grid
    ; warning
    @(526.19 mm, 240.00 mm): Symbol LED4 Pin 1 [K, Passive, Line]
[endpoint_off_grid]: Symbol pin or wire end off connection grid
    ; warning
    @(526.19 mm, 240.00 mm): Horizontal Wire, length 2.54 mm
[endpoint_off_grid]: Symbol pin or wire end off connection grid
    ; warning
    @(500.00 mm, 293.81 mm): Vertical Wire, length 2.54 mm
[lib_symbol_issues]: The current configuration does not include the symbol library 'DB20G'
    ; warning
    @(400.00 mm, 420.00 mm): Symbol MH1 [MountingHole_Pad]
[lib_symbol_issues]: The current configuration does not include the symbol library 'DB20G'
    ; warning
    @(530.00 mm, 240.00 mm): Symbol LED4 [LED]
[endpoint_off_grid]: Symbol pin or wire end off connection grid
    ; warning
    @(400.00 mm, 422.54 mm): Vertical Wire, length 2.54 mm
[endpoint_off_grid]: Symbol pin or wire end off connection grid
    ; warning
    @(400.00 mm, 422.54 mm): Symbol MH1 Pin 1 [1, Input, Line]
[lib_symbol_issues]: The current configuration does not include the symbol library 'DB20G'
    ; warning
    @(550.00 mm, 190.00 mm): Symbol D2 [D]
[lib_symbol_issues]: The current configuration does not include the symbol library 'DB20G'
    ; warning
    @(580.00 mm, 50.00 mm): Symbol U4 [AMS1117-3.3]
[endpoint_off_grid]: Symbol pin or wire end off connection grid
    ; warning
    @(533.81 mm, 240.00 mm): Horizontal Wire, length 2.54 mm
[endpoint_off_grid]: Symbol pin or wire end off connection grid
    ; warning
    @(553.81 mm, 190.00 mm): Horizontal Wire, length 2.54 mm
[endpoint_off_grid]: Symbol pin or wire end off connection grid
    ; warning
    @(450.00 mm, 376.19 mm): Vertical Wire, length 2.54 mm
[endpoint_off_grid]: Symbol pin or wire end off connection grid
    ; warning
    @(450.00 mm, 376.19 mm): Symbol C11 Pin 1 [1, Passive, Line]
[endpoint_off_grid]: Symbol pin or wire end off connection grid
    ; warning
    @(475.00 mm, 346.19 mm): Symbol C4 Pin 1 [1, Passive, Line]
[endpoint_off_grid]: Symbol pin or wire end off connection grid
    ; warning
    @(475.00 mm, 346.19 mm): Vertical Wire, length 2.54 mm
[lib_symbol_issues]: The current configuration does not include the symbol library 'DB20G'
    ; warning
    @(450.00 mm, 380.00 mm): Symbol C11 [C]
[endpoint_off_grid]: Symbol pin or wire end off connection grid
    ; warning
    @(587.62 mm, 50.00 mm): Horizontal Wire, length 2.54 mm
[lib_symbol_issues]: The current configuration does not include the symbol library 'DB20G'
    ; warning
    @(475.00 mm, 350.00 mm): Symbol C4 [C]
[endpoint_off_grid]: Symbol pin or wire end off connection grid
    ; warning
    @(450.00 mm, 383.81 mm): Vertical Wire, length 2.54 mm
[endpoint_off_grid]: Symbol pin or wire end off connection grid
    ; warning
    @(500.00 mm, 316.19 mm): Symbol R13 Pin 1 [1, Passive, Line]
[endpoint_off_grid]: Symbol pin or wire end off connection grid
    ; warning
    @(500.00 mm, 316.19 mm): Vertical Wire, length 2.54 mm
[endpoint_off_grid]: Symbol pin or wire end off connection grid
    ; warning
    @(475.00 mm, 353.81 mm): Vertical Wire, length 2.54 mm
[lib_symbol_issues]: The current configuration does not include the symbol library 'DB20G'
    ; warning
    @(500.00 mm, 320.00 mm): Symbol R13 [R]
[endpoint_off_grid]: Symbol pin or wire end off connection grid
    ; warning
    @(500.00 mm, 323.81 mm): Vertical Wire, length 2.54 mm
[endpoint_off_grid]: Symbol pin or wire end off connection grid
    ; warning
    @(525.00 mm, 286.19 mm): Symbol R6 Pin 1 [1, Passive, Line]
[endpoint_off_grid]: Symbol pin or wire end off connection grid
    ; warning
    @(525.00 mm, 286.19 mm): Vertical Wire, length 2.54 mm
[lib_symbol_issues]: The current configuration does not include the symbol library 'DB20G'
    ; warning
    @(525.00 mm, 290.00 mm): Symbol R6 [R]
[lib_symbol_issues]: The current configuration does not include the symbol library 'DB20G'
    ; warning
    @(430.00 mm, 420.00 mm): Symbol MH2 [MountingHole_Pad]
[endpoint_off_grid]: Symbol pin or wire end off connection grid
    ; warning
    @(525.00 mm, 293.81 mm): Vertical Wire, length 2.54 mm
[endpoint_off_grid]: Symbol pin or wire end off connection grid
    ; warning
    @(430.00 mm, 422.54 mm): Symbol MH2 Pin 1 [1, Input, Line]
[endpoint_off_grid]: Symbol pin or wire end off connection grid
    ; warning
    @(430.00 mm, 422.54 mm): Vertical Wire, length 2.54 mm
[endpoint_off_grid]: Symbol pin or wire end off connection grid
    ; warning
    @(475.00 mm, 376.19 mm): Symbol C12 Pin 1 [1, Passive, Line]
[endpoint_off_grid]: Symbol pin or wire end off connection grid
    ; warning
    @(475.00 mm, 376.19 mm): Vertical Wire, length 2.54 mm
[endpoint_off_grid]: Symbol pin or wire end off connection grid
    ; warning
    @(576.19 mm, 190.00 mm): Symbol F1 Pin 1 [1, Passive, Line]
[endpoint_off_grid]: Symbol pin or wire end off connection grid
    ; warning
    @(576.19 mm, 190.00 mm): Horizontal Wire, length 2.54 mm
[endpoint_off_grid]: Symbol pin or wire end off connection grid
    ; warning
    @(500.00 mm, 346.19 mm): Vertical Wire, length 2.54 mm
[endpoint_off_grid]: Symbol pin or wire end off connection grid
    ; warning
    @(500.00 mm, 346.19 mm): Symbol C5 Pin 1 [1, Passive, Line]
[lib_symbol_issues]: The current configuration does not include the symbol library 'DB20G'
    ; warning
    @(475.00 mm, 380.00 mm): Symbol C12 [C]
[endpoint_off_grid]: Symbol pin or wire end off connection grid
    ; warning
    @(400.00 mm, 460.00 mm): Horizontal Wire, length 2.54 mm
[endpoint_off_grid]: Symbol pin or wire end off connection grid
    ; warning
    @(400.00 mm, 460.00 mm): Symbol #FLG01 Pin 1 [pwr, Power input, Line]
[lib_symbol_issues]: The current configuration does not include the symbol library 'DB20G'
    ; warning
    @(400.00 mm, 460.00 mm): Symbol #FLG01 [PWR_FLAG]
[lib_symbol_issues]: The current configuration does not include the symbol library 'DB20G'
    ; warning
    @(500.00 mm, 350.00 mm): Symbol C5 [C]
[endpoint_off_grid]: Symbol pin or wire end off connection grid
    ; warning
    @(475.00 mm, 383.81 mm): Vertical Wire, length 2.54 mm
[endpoint_off_grid]: Symbol pin or wire end off connection grid
    ; warning
    @(500.00 mm, 353.81 mm): Vertical Wire, length 2.54 mm
[endpoint_off_grid]: Symbol pin or wire end off connection grid
    ; warning
    @(525.00 mm, 316.19 mm): Vertical Wire, length 2.54 mm
[endpoint_off_grid]: Symbol pin or wire end off connection grid
    ; warning
    @(525.00 mm, 316.19 mm): Symbol R14 Pin 1 [1, Passive, Line]
[endpoint_off_grid]: Symbol pin or wire end off connection grid
    ; warning
    @(583.81 mm, 190.00 mm): Horizontal Wire, length 2.54 mm
[lib_symbol_issues]: The current configuration does not include the symbol library 'DB20G'
    ; warning
    @(525.00 mm, 320.00 mm): Symbol R14 [R]
[endpoint_off_grid]: Symbol pin or wire end off connection grid
    ; warning
    @(525.00 mm, 323.81 mm): Vertical Wire, length 2.54 mm
[endpoint_off_grid]: Symbol pin or wire end off connection grid
    ; warning
    @(550.00 mm, 286.19 mm): Vertical Wire, length 2.54 mm
[endpoint_off_grid]: Symbol pin or wire end off connection grid
    ; warning
    @(550.00 mm, 286.19 mm): Symbol R7 Pin 1 [1, Passive, Line]
[lib_symbol_issues]: The current configuration does not include the symbol library 'DB20G'
    ; warning
    @(550.00 mm, 290.00 mm): Symbol R7 [R]
[lib_symbol_issues]: The current configuration does not include the symbol library 'DB20G'
    ; warning
    @(460.00 mm, 420.00 mm): Symbol MH3 [MountingHole_Pad]
[endpoint_off_grid]: Symbol pin or wire end off connection grid
    ; warning
    @(550.00 mm, 293.81 mm): Vertical Wire, length 2.54 mm
[endpoint_off_grid]: Symbol pin or wire end off connection grid
    ; warning
    @(460.00 mm, 422.54 mm): Symbol MH3 Pin 1 [1, Input, Line]
[endpoint_off_grid]: Symbol pin or wire end off connection grid
    ; warning
    @(460.00 mm, 422.54 mm): Vertical Wire, length 2.54 mm
[endpoint_off_grid]: Symbol pin or wire end off connection grid
    ; warning
    @(500.00 mm, 376.19 mm): Symbol C13 Pin 1 [1, Passive, Line]
[endpoint_off_grid]: Symbol pin or wire end off connection grid
    ; warning
    @(500.00 mm, 376.19 mm): Vertical Wire, length 2.54 mm
[lib_symbol_issues]: The current configuration does not include the symbol library 'DB20G'
    ; warning
    @(500.00 mm, 380.00 mm): Symbol C13 [C]
[endpoint_off_grid]: Symbol pin or wire end off connection grid
    ; warning
    @(525.00 mm, 346.19 mm): Symbol C6 Pin 1 [1, Passive, Line]
[endpoint_off_grid]: Symbol pin or wire end off connection grid
    ; warning
    @(525.00 mm, 346.19 mm): Vertical Wire, length 2.54 mm
[endpoint_off_grid]: Symbol pin or wire end off connection grid
    ; warning
    @(430.00 mm, 460.00 mm): Horizontal Wire, length 2.54 mm
[endpoint_off_grid]: Symbol pin or wire end off connection grid
    ; warning
    @(430.00 mm, 460.00 mm): Symbol #FLG02 Pin 1 [pwr, Power input, Line]
[lib_symbol_issues]: The current configuration does not include the symbol library 'DB20G'
    ; warning
    @(430.00 mm, 460.00 mm): Symbol #FLG02 [PWR_FLAG]
[endpoint_off_grid]: Symbol pin or wire end off connection grid
    ; warning
    @(500.00 mm, 383.81 mm): Vertical Wire, length 2.54 mm
[lib_symbol_issues]: The current configuration does not include the symbol library 'DB20G'
    ; warning
    @(525.00 mm, 350.00 mm): Symbol C6 [C]
[endpoint_off_grid]: Symbol pin or wire end off connection grid
    ; warning
    @(525.00 mm, 353.81 mm): Vertical Wire, length 2.54 mm
[endpoint_off_grid]: Symbol pin or wire end off connection grid
    ; warning
    @(550.00 mm, 316.19 mm): Symbol R15 Pin 1 [1, Passive, Line]
[endpoint_off_grid]: Symbol pin or wire end off connection grid
    ; warning
    @(550.00 mm, 316.19 mm): Vertical Wire, length 2.54 mm
[lib_symbol_issues]: The current configuration does not include the symbol library 'DB20G'
    ; warning
    @(550.00 mm, 320.00 mm): Symbol R15 [R]
[endpoint_off_grid]: Symbol pin or wire end off connection grid
    ; warning
    @(550.00 mm, 323.81 mm): Vertical Wire, length 2.54 mm
[endpoint_off_grid]: Symbol pin or wire end off connection grid
    ; warning
    @(575.00 mm, 286.19 mm): Vertical Wire, length 2.54 mm
[endpoint_off_grid]: Symbol pin or wire end off connection grid
    ; warning
    @(575.00 mm, 286.19 mm): Symbol R8 Pin 1 [1, Passive, Line]
[lib_symbol_issues]: The current configuration does not include the symbol library 'DB20G'
    ; warning
    @(575.00 mm, 290.00 mm): Symbol R8 [R]
[lib_symbol_issues]: The current configuration does not include the symbol library 'DB20G'
    ; warning
    @(490.00 mm, 420.00 mm): Symbol MH4 [MountingHole_Pad]
[endpoint_off_grid]: Symbol pin or wire end off connection grid
    ; warning
    @(575.00 mm, 293.81 mm): Vertical Wire, length 2.54 mm
[endpoint_off_grid]: Symbol pin or wire end off connection grid
    ; warning
    @(525.00 mm, 376.19 mm): Symbol C14 Pin 1 [1, Passive, Line]
[endpoint_off_grid]: Symbol pin or wire end off connection grid
    ; warning
    @(525.00 mm, 376.19 mm): Vertical Wire, length 2.54 mm
[endpoint_off_grid]: Symbol pin or wire end off connection grid
    ; warning
    @(490.00 mm, 422.54 mm): Vertical Wire, length 2.54 mm
[endpoint_off_grid]: Symbol pin or wire end off connection grid
    ; warning
    @(490.00 mm, 422.54 mm): Symbol MH4 Pin 1 [1, Input, Line]
[lib_symbol_issues]: The current configuration does not include the symbol library 'DB20G'
    ; warning
    @(525.00 mm, 380.00 mm): Symbol C14 [C]
[endpoint_off_grid]: Symbol pin or wire end off connection grid
    ; warning
    @(550.00 mm, 346.19 mm): Vertical Wire, length 2.54 mm
[endpoint_off_grid]: Symbol pin or wire end off connection grid
    ; warning
    @(550.00 mm, 346.19 mm): Symbol C7 Pin 1 [1, Passive, Line]
[endpoint_off_grid]: Symbol pin or wire end off connection grid
    ; warning
    @(525.00 mm, 383.81 mm): Vertical Wire, length 2.54 mm
[endpoint_off_grid]: Symbol pin or wire end off connection grid
    ; warning
    @(460.00 mm, 460.00 mm): Symbol #FLG03 Pin 1 [pwr, Power input, Line]
[endpoint_off_grid]: Symbol pin or wire end off connection grid
    ; warning
    @(460.00 mm, 460.00 mm): Horizontal Wire, length 2.54 mm
[lib_symbol_issues]: The current configuration does not include the symbol library 'DB20G'
    ; warning
    @(460.00 mm, 460.00 mm): Symbol #FLG03 [PWR_FLAG]
[lib_symbol_issues]: The current configuration does not include the symbol library 'DB20G'
    ; warning
    @(550.00 mm, 350.00 mm): Symbol C7 [C]
[endpoint_off_grid]: Symbol pin or wire end off connection grid
    ; warning
    @(550.00 mm, 353.81 mm): Vertical Wire, length 2.54 mm
[endpoint_off_grid]: Symbol pin or wire end off connection grid
    ; warning
    @(550.00 mm, 376.19 mm): Symbol C15 Pin 1 [1, Passive, Line]
[endpoint_off_grid]: Symbol pin or wire end off connection grid
    ; warning
    @(550.00 mm, 376.19 mm): Vertical Wire, length 2.54 mm
[lib_symbol_issues]: The current configuration does not include the symbol library 'DB20G'
    ; warning
    @(550.00 mm, 380.00 mm): Symbol C15 [C]
[endpoint_off_grid]: Symbol pin or wire end off connection grid
    ; warning
    @(550.00 mm, 383.81 mm): Vertical Wire, length 2.54 mm
[endpoint_off_grid]: Symbol pin or wire end off connection grid
    ; warning
    @(575.00 mm, 346.19 mm): Symbol C8 Pin 1 [1, Passive, Line]
[endpoint_off_grid]: Symbol pin or wire end off connection grid
    ; warning
    @(575.00 mm, 346.19 mm): Vertical Wire, length 2.54 mm
[lib_symbol_issues]: The current configuration does not include the symbol library 'DB20G'
    ; warning
    @(575.00 mm, 350.00 mm): Symbol C8 [C]
[endpoint_off_grid]: Symbol pin or wire end off connection grid
    ; warning
    @(575.00 mm, 353.81 mm): Vertical Wire, length 2.54 mm

 ** ERC messages: 308  Errors 3  Warnings 305
